<?xml version="1.0" encoding="utf-8"?><testsuites name="pytest tests"><testsuite name="pytest" errors="0" failures="2" skipped="1" tests="47" time="91.496" timestamp="2026-05-01T11:17:45.505263+00:00" hostname="agent-env-4a33a761-7c3b-4a9f-b9b1-da47d6e621a1"><testcase classname="tests.test_phase2_backend.TestElevenLabsVoice" name="test_openai_voice_provider" time="12.127" /><testcase classname="tests.test_phase2_backend.TestElevenLabsVoice" name="test_elevenlabs_voice_provider" time="0.250"><skipped type="pytest.skip" message="ElevenLabs 401 (free-tier-from-proxy block) - integration wired, error surfaced: voice generation failed: elevenlabs error 401: {&quot;detail&quot;:{&quot;status&quot;:&quot;detected_unusual_activity&quot;,&quot;message&quot;:&quot;unusual activi">/app/backend/tests/test_phase2_backend.py:67: ElevenLabs 401 (free-tier-from-proxy block) - integration wired, error surfaced: voice generation failed: elevenlabs error 401: {"detail":{"status":"detected_unusual_activity","message":"unusual activi</skipped></testcase><testcase classname="tests.test_phase2_backend.TestYouTubeOAuth" name="test_status_requires_auth" time="0.046" /><testcase classname="tests.test_phase2_backend.TestYouTubeOAuth" name="test_status_for_new_user" time="0.133" /><testcase classname="tests.test_phase2_backend.TestYouTubeOAuth" name="test_auth_url" time="0.045" /><testcase classname="tests.test_phase2_backend.TestYouTubeOAuth" name="test_auth_url_requires_auth" time="0.045" /><testcase classname="tests.test_phase2_backend.TestYouTubeOAuth" name="test_disconnect_returns_ok" time="0.048" /><testcase classname="tests.test_phase2_backend.TestYouTubeOAuth" name="test_disconnect_requires_auth" time="0.044" /><testcase classname="tests.test_phase2_backend.TestRenderAndVideo" name="test_render_requires_auth" time="0.045" /><testcase classname="tests.test_phase2_backend.TestRenderAndVideo" name="test_render_requires_thumbnail" time="0.153" /><testcase classname="tests.test_phase2_backend.TestRenderAndVideo" name="test_render_full_flow" time="34.924" /><testcase classname="tests.test_phase2_backend.TestRenderAndVideo" name="test_get_video_file_after_render" time="0.186"><failure message="assert 401 == 200&#10; +  where 401 = &lt;Response [401]&gt;.status_code">E   assert 401 == 200
     +  where 401 = &lt;Response [401]&gt;.status_code</failure></testcase><testcase classname="tests.test_phase2_backend.TestRenderAndVideo" name="test_get_video_404_for_unrendered" time="0.136"><failure message="assert 401 == 404&#10; +  where 401 = &lt;Response [401]&gt;.status_code">E   assert 401 == 404
     +  where 401 = &lt;Response [401]&gt;.status_code</failure></testcase><testcase classname="tests.test_phase2_backend.TestRenderAndVideo" name="test_publish_after_render_falls_back_no_yt" time="0.155" /><testcase classname="tests.test_phase2_backend.TestBilling" name="test_plans_public" time="0.046" /><testcase classname="tests.test_phase2_backend.TestBilling" name="test_checkout_requires_auth" time="0.048" /><testcase classname="tests.test_phase2_backend.TestBilling" name="test_checkout_invalid_plan_400" time="0.106" /><testcase classname="tests.test_phase2_backend.TestBilling" name="test_checkout_creator_returns_url" time="1.052" /><testcase classname="tests.test_phase2_backend.TestBilling" name="test_status_for_checkout" time="0.230" /><testcase classname="tests.test_phase2_backend.TestBilling" name="test_status_for_other_user_404" time="0.385" /><testcase classname="tests.test_phase2_backend.TestBilling" name="test_status_requires_auth" time="0.045" /><testcase classname="tests.test_phase2_backend.TestBilling" name="test_webhook_endpoint_exists" time="0.044" /><testcase classname="tests.test_videoforge_backend.TestHealth" name="test_root" time="0.040" /><testcase classname="tests.test_videoforge_backend.TestAuth" name="test_register_new_user" time="0.266" /><testcase classname="tests.test_videoforge_backend.TestAuth" name="test_register_duplicate_returns_400" time="0.312" /><testcase classname="tests.test_videoforge_backend.TestAuth" name="test_login_success" time="0.265" /><testcase classname="tests.test_videoforge_backend.TestAuth" name="test_login_invalid_returns_401" time="0.267" /><testcase classname="tests.test_videoforge_backend.TestAuth" name="test_me_with_token" time="0.044" /><testcase classname="tests.test_videoforge_backend.TestAuth" name="test_me_without_token_401" time="0.045" /><testcase classname="tests.test_videoforge_backend.TestAuth" name="test_me_with_invalid_token_401" time="0.104" /><testcase classname="tests.test_videoforge_backend.TestToolsCompare" name="test_compare_tools" time="0.046" /><testcase classname="tests.test_videoforge_backend.TestVoices" name="test_list_voices" time="0.044" /><testcase classname="tests.test_videoforge_backend.TestTrends" name="test_trends_ai_horror" time="0.044" /><testcase classname="tests.test_videoforge_backend.TestTrends" name="test_trends_cached_on_second_call" time="0.086" /><testcase classname="tests.test_videoforge_backend.TestProjectsCRUD" name="test_create_project_requires_auth" time="0.042" /><testcase classname="tests.test_videoforge_backend.TestProjectsCRUD" name="test_create_list_get_delete_flow" time="0.630" /><testcase classname="tests.test_videoforge_backend.TestProjectsCRUD" name="test_get_unknown_project_404" time="0.048" /><testcase classname="tests.test_videoforge_backend.TestPipeline" name="test_01_script_generate" time="9.697" /><testcase classname="tests.test_videoforge_backend.TestPipeline" name="test_02_voice_generate" time="11.616" /><testcase classname="tests.test_videoforge_backend.TestPipeline" name="test_03_voice_requires_script" time="0.139" /><testcase classname="tests.test_videoforge_backend.TestPipeline" name="test_04_thumbnail_generate" time="13.598" /><testcase classname="tests.test_videoforge_backend.TestPipeline" name="test_05_publish_immediate" time="0.286" /><testcase classname="tests.test_videoforge_backend.TestPipeline" name="test_06_publish_scheduled" time="0.184" /><testcase classname="tests.test_videoforge_backend.TestPipeline" name="test_07_analytics_summary" time="0.319" /><testcase classname="tests.test_videoforge_backend.TestSeries" name="test_series_bulk_create" time="2.845" /><testcase classname="tests.test_videoforge_backend.TestSeries" name="test_series_invalid_count" time="0.045" /><testcase classname="tests.test_videoforge_backend.TestSeries" name="test_series_requires_auth" time="0.100" /></testsuite></testsuites>