<?xml version="1.0" encoding="utf-8"?><testsuites name="pytest tests"><testsuite name="pytest" errors="0" failures="3" skipped="1" tests="22" time="43.089" timestamp="2026-05-01T10:53:17.864201+00:00" hostname="agent-env-4a33a761-7c3b-4a9f-b9b1-da47d6e621a1"><testcase classname="backend.tests.test_phase2_backend.TestElevenLabsVoice" name="test_openai_voice_provider" time="14.436" /><testcase classname="backend.tests.test_phase2_backend.TestElevenLabsVoice" name="test_elevenlabs_voice_provider" time="0.226"><skipped type="pytest.skip" message="ElevenLabs 401 (free-tier-from-proxy block) - integration wired, error surfaced: voice generation failed: elevenlabs error 401: {&quot;detail&quot;:{&quot;status&quot;:&quot;detected_unusual_activity&quot;,&quot;message&quot;:&quot;unusual activi">/app/backend/tests/test_phase2_backend.py:67: ElevenLabs 401 (free-tier-from-proxy block) - integration wired, error surfaced: voice generation failed: elevenlabs error 401: {"detail":{"status":"detected_unusual_activity","message":"unusual activi</skipped></testcase><testcase classname="backend.tests.test_phase2_backend.TestYouTubeOAuth" name="test_status_requires_auth" time="0.044" /><testcase classname="backend.tests.test_phase2_backend.TestYouTubeOAuth" name="test_status_for_new_user" time="0.094" /><testcase classname="backend.tests.test_phase2_backend.TestYouTubeOAuth" name="test_auth_url" time="0.048" /><testcase classname="backend.tests.test_phase2_backend.TestYouTubeOAuth" name="test_auth_url_requires_auth" time="0.041" /><testcase classname="backend.tests.test_phase2_backend.TestYouTubeOAuth" name="test_disconnect_returns_ok" time="0.049" /><testcase classname="backend.tests.test_phase2_backend.TestYouTubeOAuth" name="test_disconnect_requires_auth" time="0.042" /><testcase classname="backend.tests.test_phase2_backend.TestRenderAndVideo" name="test_render_requires_auth" time="0.043" /><testcase classname="backend.tests.test_phase2_backend.TestRenderAndVideo" name="test_render_requires_thumbnail" time="0.135" /><testcase classname="backend.tests.test_phase2_backend.TestRenderAndVideo" name="test_render_full_flow" time="25.863"><failure message="AssertionError: {&quot;detail&quot;:&quot;Render failed: [Errno 2] No such file or directory: 'ffprobe'&quot;}&#10;assert 500 == 200&#10; +  where 500 = &lt;Response [500]&gt;.status_code">backend/tests/test_phase2_backend.py:154: in test_render_full_flow
    assert r.status_code == 200, r.text
E   AssertionError: {"detail":"Render failed: [Errno 2] No such file or directory: 'ffprobe'"}
E   assert 500 == 200
E    +  where 500 = &lt;Response [500]&gt;.status_code</failure></testcase><testcase classname="backend.tests.test_phase2_backend.TestRenderAndVideo" name="test_get_video_file_after_render" time="0.199"><failure message="assert 404 == 200&#10; +  where 404 = &lt;Response [404]&gt;.status_code">backend/tests/test_phase2_backend.py:166: in test_get_video_file_after_render
    assert r.status_code == 200
E   assert 404 == 200
E    +  where 404 = &lt;Response [404]&gt;.status_code</failure></testcase><testcase classname="backend.tests.test_phase2_backend.TestRenderAndVideo" name="test_get_video_404_for_unrendered" time="0.124" /><testcase classname="backend.tests.test_phase2_backend.TestRenderAndVideo" name="test_publish_after_render_falls_back_no_yt" time="0.161" /><testcase classname="backend.tests.test_phase2_backend.TestBilling" name="test_plans_public" time="0.055" /><testcase classname="backend.tests.test_phase2_backend.TestBilling" name="test_checkout_requires_auth" time="0.041" /><testcase classname="backend.tests.test_phase2_backend.TestBilling" name="test_checkout_invalid_plan_400" time="0.048" /><testcase classname="backend.tests.test_phase2_backend.TestBilling" name="test_checkout_creator_returns_url" time="0.602" /><testcase classname="backend.tests.test_phase2_backend.TestBilling" name="test_status_for_checkout" time="0.285"><failure message="AssertionError: {&quot;detail&quot;:&quot;Status fetch failed: Unexpected error retrieving session status: 1 validation error for CheckoutStatusResponse\nmetadata\n  Input should be a valid dictionary [type=dict_type, input_value=&lt;StripeObject at 0xfe2df2...om/api/webhook/stripe\&quot;\n}, input_type=StripeObject]\n    For further information visit https://errors.pydantic.dev/2.12/v/dict_type&quot;}&#10;assert 500 == 200&#10; +  where 500 = &lt;Response [500]&gt;.status_code">backend/tests/test_phase2_backend.py:231: in test_status_for_checkout
    assert r.status_code == 200, r.text
E   AssertionError: {"detail":"Status fetch failed: Unexpected error retrieving session status: 1 validation error for CheckoutStatusResponse\nmetadata\n  Input should be a valid dictionary [type=dict_type, input_value=&lt;StripeObject at 0xfe2df2...om/api/webhook/stripe\"\n}, input_type=StripeObject]\n    For further information visit https://errors.pydantic.dev/2.12/v/dict_type"}
E   assert 500 == 200
E    +  where 500 = &lt;Response [500]&gt;.status_code</failure></testcase><testcase classname="backend.tests.test_phase2_backend.TestBilling" name="test_status_for_other_user_404" time="0.393" /><testcase classname="backend.tests.test_phase2_backend.TestBilling" name="test_status_requires_auth" time="0.044" /><testcase classname="backend.tests.test_phase2_backend.TestBilling" name="test_webhook_endpoint_exists" time="0.042" /></testsuite></testsuites>