<?xml version="1.0" encoding="utf-8"?><testsuites name="pytest tests"><testsuite name="pytest" errors="0" failures="1" skipped="2" tests="59" time="173.052" timestamp="2026-05-01T11:20:26.029404+00:00" hostname="agent-env-4a33a761-7c3b-4a9f-b9b1-da47d6e621a1"><testcase classname="tests.test_phase2_backend.TestElevenLabsVoice" name="test_openai_voice_provider" time="15.459" /><testcase classname="tests.test_phase2_backend.TestElevenLabsVoice" name="test_elevenlabs_voice_provider" time="0.235"><skipped type="pytest.skip" message="ElevenLabs 401 (free-tier-from-proxy block) - integration wired, error surfaced: voice generation failed: elevenlabs error 401: {&quot;detail&quot;:{&quot;status&quot;:&quot;detected_unusual_activity&quot;,&quot;message&quot;:&quot;unusual activi">/app/backend/tests/test_phase2_backend.py:67: ElevenLabs 401 (free-tier-from-proxy block) - integration wired, error surfaced: voice generation failed: elevenlabs error 401: {"detail":{"status":"detected_unusual_activity","message":"unusual activi</skipped></testcase><testcase classname="tests.test_phase2_backend.TestYouTubeOAuth" name="test_status_requires_auth" time="0.058" /><testcase classname="tests.test_phase2_backend.TestYouTubeOAuth" name="test_status_for_new_user" time="0.109" /><testcase classname="tests.test_phase2_backend.TestYouTubeOAuth" name="test_auth_url" time="0.052" /><testcase classname="tests.test_phase2_backend.TestYouTubeOAuth" name="test_auth_url_requires_auth" time="0.058" /><testcase classname="tests.test_phase2_backend.TestYouTubeOAuth" name="test_disconnect_returns_ok" time="0.049" /><testcase classname="tests.test_phase2_backend.TestYouTubeOAuth" name="test_disconnect_requires_auth" time="0.050" /><testcase classname="tests.test_phase2_backend.TestRenderAndVideo" name="test_render_requires_auth" time="0.057" /><testcase classname="tests.test_phase2_backend.TestRenderAndVideo" name="test_render_requires_thumbnail" time="0.151" /><testcase classname="tests.test_phase2_backend.TestRenderAndVideo" name="test_render_full_flow" time="39.886" /><testcase classname="tests.test_phase2_backend.TestRenderAndVideo" name="test_get_video_file_after_render" time="0.073" /><testcase classname="tests.test_phase2_backend.TestRenderAndVideo" name="test_get_video_404_for_unrendered" time="0.053" /><testcase classname="tests.test_phase2_backend.TestRenderAndVideo" name="test_get_video_requires_auth" time="0.063" /><testcase classname="tests.test_phase2_backend.TestRenderAndVideo" name="test_publish_after_render_falls_back_no_yt" time="0.151" /><testcase classname="tests.test_phase2_backend.TestBilling" name="test_plans_public" time="0.351" /><testcase classname="tests.test_phase2_backend.TestBilling" name="test_checkout_requires_auth" time="0.068" /><testcase classname="tests.test_phase2_backend.TestBilling" name="test_checkout_invalid_plan_400" time="0.057" /><testcase classname="tests.test_phase2_backend.TestBilling" name="test_checkout_creator_returns_url" time="0.559" /><testcase classname="tests.test_phase2_backend.TestBilling" name="test_status_for_checkout" time="0.262" /><testcase classname="tests.test_phase2_backend.TestBilling" name="test_status_for_other_user_404" time="0.497" /><testcase classname="tests.test_phase2_backend.TestBilling" name="test_status_requires_auth" time="0.059" /><testcase classname="tests.test_phase2_backend.TestBilling" name="test_webhook_endpoint_exists" time="0.058" /><testcase classname="tests.test_phase3_backend.TestVoicesPhase3" name="test_voices_contains_19_total" time="0.060" /><testcase classname="tests.test_phase3_backend.TestVoicesPhase3" name="test_hd_voice_ids_prefix" time="0.053" /><testcase classname="tests.test_phase3_backend.TestHDVoiceGeneration" name="test_free_tier_alloy_returns_openai" time="9.497" /><testcase classname="tests.test_phase3_backend.TestHDVoiceGeneration" name="test_premium_tier_hd_alloy_returns_openai_hd" time="3.946" /><testcase classname="tests.test_phase3_backend.TestHDVoiceGeneration" name="test_premium_tier_hd_nova_returns_openai_hd" time="5.371" /><testcase classname="tests.test_phase3_backend.TestScenesEndpoint" name="test_scenes_endpoint_exists" time="9.455"><failure message="AssertionError: {&quot;detail&quot;:&quot;Method Not Allowed&quot;}&#10;assert 405 == 200&#10; +  where 405 = &lt;Response [405]&gt;.status_code">E   AssertionError: {"detail":"Method Not Allowed"}
    assert 405 == 200
     +  where 405 = &lt;Response [405]&gt;.status_code</failure></testcase><testcase classname="tests.test_phase3_backend.TestScenesEndpoint" name="test_scenes_persisted_on_project" time="0.105"><skipped type="pytest.skip" message="scene_images field not on project (endpoint likely missing)">/app/backend/tests/test_phase3_backend.py:147: scene_images field not on project (endpoint likely missing)</skipped></testcase><testcase classname="tests.test_phase3_backend.TestMultiSceneRender" name="test_render_returns_scenes_used" time="47.134" /><testcase classname="tests.test_phase3_backend.TestAnalyticsSummary" name="test_analytics_requires_auth" time="0.076" /><testcase classname="tests.test_phase3_backend.TestAnalyticsSummary" name="test_analytics_contract_no_youtube" time="0.253" /><testcase classname="tests.test_phase3_backend.TestAnalyticsSummary" name="test_analytics_auth_url_has_analytics_scope" time="0.053" /><testcase classname="tests.test_videoforge_backend.TestHealth" name="test_root" time="0.053" /><testcase classname="tests.test_videoforge_backend.TestAuth" name="test_register_new_user" time="0.281" /><testcase classname="tests.test_videoforge_backend.TestAuth" name="test_register_duplicate_returns_400" time="0.329" /><testcase classname="tests.test_videoforge_backend.TestAuth" name="test_login_success" time="0.284" /><testcase classname="tests.test_videoforge_backend.TestAuth" name="test_login_invalid_returns_401" time="0.278" /><testcase classname="tests.test_videoforge_backend.TestAuth" name="test_me_with_token" time="0.054" /><testcase classname="tests.test_videoforge_backend.TestAuth" name="test_me_without_token_401" time="0.054" /><testcase classname="tests.test_videoforge_backend.TestAuth" name="test_me_with_invalid_token_401" time="0.162" /><testcase classname="tests.test_videoforge_backend.TestToolsCompare" name="test_compare_tools" time="0.063" /><testcase classname="tests.test_videoforge_backend.TestVoices" name="test_list_voices" time="0.061" /><testcase classname="tests.test_videoforge_backend.TestTrends" name="test_trends_ai_horror" time="0.053" /><testcase classname="tests.test_videoforge_backend.TestTrends" name="test_trends_cached_on_second_call" time="0.534" /><testcase classname="tests.test_videoforge_backend.TestProjectsCRUD" name="test_create_project_requires_auth" time="0.061" /><testcase classname="tests.test_videoforge_backend.TestProjectsCRUD" name="test_create_list_get_delete_flow" time="0.675" /><testcase classname="tests.test_videoforge_backend.TestProjectsCRUD" name="test_get_unknown_project_404" time="0.050" /><testcase classname="tests.test_videoforge_backend.TestPipeline" name="test_01_script_generate" time="9.471" /><testcase classname="tests.test_videoforge_backend.TestPipeline" name="test_02_voice_generate" time="10.047" /><testcase classname="tests.test_videoforge_backend.TestPipeline" name="test_03_voice_requires_script" time="0.175" /><testcase classname="tests.test_videoforge_backend.TestPipeline" name="test_04_thumbnail_generate" time="13.247" /><testcase classname="tests.test_videoforge_backend.TestPipeline" name="test_05_publish_immediate" time="0.334" /><testcase classname="tests.test_videoforge_backend.TestPipeline" name="test_06_publish_scheduled" time="0.150" /><testcase classname="tests.test_videoforge_backend.TestPipeline" name="test_07_analytics_summary" time="0.361" /><testcase classname="tests.test_videoforge_backend.TestSeries" name="test_series_bulk_create" time="1.647" /><testcase classname="tests.test_videoforge_backend.TestSeries" name="test_series_invalid_count" time="0.051" /><testcase classname="tests.test_videoforge_backend.TestSeries" name="test_series_requires_auth" time="0.110" /></testsuite></testsuites>