<?xml version="1.0" encoding="utf-8"?><testsuites name="pytest tests"><testsuite name="pytest" errors="0" failures="3" skipped="0" tests="16" time="278.306" timestamp="2026-05-01T12:18:36.362636+00:00" hostname="agent-env-4a33a761-7c3b-4a9f-b9b1-da47d6e621a1"><testcase classname="tests.test_phase3_backend.TestVoicesPhase3" name="test_voices_contains_19_total" time="0.482" /><testcase classname="tests.test_phase3_backend.TestVoicesPhase3" name="test_hd_voice_ids_prefix" time="0.045" /><testcase classname="tests.test_phase3_backend.TestHDVoiceGeneration" name="test_free_tier_alloy_returns_openai" time="12.628" /><testcase classname="tests.test_phase3_backend.TestHDVoiceGeneration" name="test_premium_tier_hd_alloy_returns_openai_hd" time="6.321" /><testcase classname="tests.test_phase3_backend.TestHDVoiceGeneration" name="test_premium_tier_hd_nova_returns_openai_hd" time="7.376" /><testcase classname="tests.test_phase3_backend.TestScenesEndpoint" name="test_scenes_endpoint_returns_immediately" time="5.819" /><testcase classname="tests.test_phase3_backend.TestScenesEndpoint" name="test_scenes_status_polling_completes" time="81.058" /><testcase classname="tests.test_phase3_backend.TestScenesEndpoint" name="test_scenes_persisted_with_image_data_url" time="0.061"><failure message="assert (False)&#10; +  where False = isinstance(None, list)">tests/test_phase3_backend.py:169: in test_scenes_persisted_with_image_data_url
    assert isinstance(scene_images, list) and len(scene_images) &gt;= 1
E   assert (False)
E    +  where False = isinstance(None, list)</failure></testcase><testcase classname="tests.test_phase3_backend.TestScenesEndpoint" name="test_scenes_no_script_returns_400" time="0.161" /><testcase classname="tests.test_phase3_backend.TestScenesEndpoint" name="test_scenes_nonexistent_project_returns_404" time="0.052" /><testcase classname="tests.test_phase3_backend.TestScenesEndpoint" name="test_scenes_requires_auth" time="0.112" /><testcase classname="tests.test_phase3_backend.TestMultiSceneRenderAfterScenes" name="test_render_uses_scenes" time="132.639"><failure message="AssertionError: {&quot;detail&quot;:&quot;Render failed: [Errno 2] No such file or directory: 'ffprobe'&quot;}&#10;assert 500 == 200&#10; +  where 500 = &lt;Response [500]&gt;.status_code">tests/test_phase3_backend.py:235: in test_render_uses_scenes
    assert rr.status_code == 200, rr.text
E   AssertionError: {"detail":"Render failed: [Errno 2] No such file or directory: 'ffprobe'"}
E   assert 500 == 200
E    +  where 500 = &lt;Response [500]&gt;.status_code</failure></testcase><testcase classname="tests.test_phase3_backend.TestMultiSceneRender" name="test_render_returns_scenes_used" time="30.937"><failure message="AssertionError: {&quot;detail&quot;:&quot;Render failed: [Errno 2] No such file or directory: 'ffprobe'&quot;}&#10;assert 500 == 200&#10; +  where 500 = &lt;Response [500]&gt;.status_code">tests/test_phase3_backend.py:257: in test_render_returns_scenes_used
    assert rr.status_code == 200, rr.text
E   AssertionError: {"detail":"Render failed: [Errno 2] No such file or directory: 'ffprobe'"}
E   assert 500 == 200
E    +  where 500 = &lt;Response [500]&gt;.status_code</failure></testcase><testcase classname="tests.test_phase3_backend.TestAnalyticsSummary" name="test_analytics_requires_auth" time="0.054" /><testcase classname="tests.test_phase3_backend.TestAnalyticsSummary" name="test_analytics_contract_no_youtube" time="0.417" /><testcase classname="tests.test_phase3_backend.TestAnalyticsSummary" name="test_analytics_auth_url_has_analytics_scope" time="0.069" /></testsuite></testsuites>