<?xml version="1.0" encoding="utf-8"?><testsuites name="pytest tests"><testsuite name="pytest" errors="0" failures="0" skipped="1" tests="48" time="110.555" timestamp="2026-05-01T12:58:14.118604+00:00" hostname="agent-env-4a33a761-7c3b-4a9f-b9b1-da47d6e621a1"><testcase classname="tests.test_videoforge_backend.TestHealth" name="test_root" time="0.112" /><testcase classname="tests.test_videoforge_backend.TestAuth" name="test_register_new_user" time="0.286" /><testcase classname="tests.test_videoforge_backend.TestAuth" name="test_register_duplicate_returns_400" time="0.333" /><testcase classname="tests.test_videoforge_backend.TestAuth" name="test_login_success" time="0.275" /><testcase classname="tests.test_videoforge_backend.TestAuth" name="test_login_invalid_returns_401" time="0.281" /><testcase classname="tests.test_videoforge_backend.TestAuth" name="test_me_with_token" time="0.409" /><testcase classname="tests.test_videoforge_backend.TestAuth" name="test_me_without_token_401" time="0.046" /><testcase classname="tests.test_videoforge_backend.TestAuth" name="test_me_with_invalid_token_401" time="0.204" /><testcase classname="tests.test_videoforge_backend.TestToolsCompare" name="test_compare_tools" time="0.057" /><testcase classname="tests.test_videoforge_backend.TestVoices" name="test_list_voices" time="0.047" /><testcase classname="tests.test_videoforge_backend.TestTrends" name="test_trends_ai_horror" time="14.604" /><testcase classname="tests.test_videoforge_backend.TestTrends" name="test_trends_cached_on_second_call" time="0.107" /><testcase classname="tests.test_videoforge_backend.TestProjectsCRUD" name="test_create_project_requires_auth" time="0.052" /><testcase classname="tests.test_videoforge_backend.TestProjectsCRUD" name="test_create_list_get_delete_flow" time="1.747" /><testcase classname="tests.test_videoforge_backend.TestProjectsCRUD" name="test_get_unknown_project_404" time="0.055" /><testcase classname="tests.test_videoforge_backend.TestPipeline" name="test_01_script_generate" time="9.157" /><testcase classname="tests.test_videoforge_backend.TestPipeline" name="test_02_voice_generate" time="6.133" /><testcase classname="tests.test_videoforge_backend.TestPipeline" name="test_03_voice_requires_script" time="0.184" /><testcase classname="tests.test_videoforge_backend.TestPipeline" name="test_04_thumbnail_generate" time="18.952" /><testcase classname="tests.test_videoforge_backend.TestPipeline" name="test_05_publish_immediate" time="0.293" /><testcase classname="tests.test_videoforge_backend.TestPipeline" name="test_06_publish_scheduled" time="0.187" /><testcase classname="tests.test_videoforge_backend.TestPipeline" name="test_07_analytics_summary" time="0.921" /><testcase classname="tests.test_videoforge_backend.TestSeries" name="test_series_bulk_create" time="1.476" /><testcase classname="tests.test_videoforge_backend.TestSeries" name="test_series_invalid_count" time="0.052" /><testcase classname="tests.test_videoforge_backend.TestSeries" name="test_series_requires_auth" time="0.108" /><testcase classname="tests.test_phase2_backend.TestElevenLabsVoice" name="test_openai_voice_provider" time="11.185" /><testcase classname="tests.test_phase2_backend.TestElevenLabsVoice" name="test_elevenlabs_voice_provider" time="0.239"><skipped type="pytest.skip" message="ElevenLabs 401 (free-tier-from-proxy block) - integration wired, error surfaced: voice generation failed: elevenlabs error 401: {&quot;detail&quot;:{&quot;status&quot;:&quot;detected_unusual_activity&quot;,&quot;message&quot;:&quot;unusual activi">/app/backend/tests/test_phase2_backend.py:67: ElevenLabs 401 (free-tier-from-proxy block) - integration wired, error surfaced: voice generation failed: elevenlabs error 401: {"detail":{"status":"detected_unusual_activity","message":"unusual activi</skipped></testcase><testcase classname="tests.test_phase2_backend.TestYouTubeOAuth" name="test_status_requires_auth" time="0.051" /><testcase classname="tests.test_phase2_backend.TestYouTubeOAuth" name="test_status_for_new_user" time="0.126" /><testcase classname="tests.test_phase2_backend.TestYouTubeOAuth" name="test_auth_url" time="0.050" /><testcase classname="tests.test_phase2_backend.TestYouTubeOAuth" name="test_auth_url_requires_auth" time="0.045" /><testcase classname="tests.test_phase2_backend.TestYouTubeOAuth" name="test_disconnect_returns_ok" time="0.093" /><testcase classname="tests.test_phase2_backend.TestYouTubeOAuth" name="test_disconnect_requires_auth" time="0.134" /><testcase classname="tests.test_phase2_backend.TestRenderAndVideo" name="test_render_requires_auth" time="0.051" /><testcase classname="tests.test_phase2_backend.TestRenderAndVideo" name="test_render_requires_thumbnail" time="0.160" /><testcase classname="tests.test_phase2_backend.TestRenderAndVideo" name="test_render_full_flow" time="40.204" /><testcase classname="tests.test_phase2_backend.TestRenderAndVideo" name="test_get_video_file_after_render" time="0.090" /><testcase classname="tests.test_phase2_backend.TestRenderAndVideo" name="test_get_video_404_for_unrendered" time="0.066" /><testcase classname="tests.test_phase2_backend.TestRenderAndVideo" name="test_get_video_requires_auth" time="0.048" /><testcase classname="tests.test_phase2_backend.TestRenderAndVideo" name="test_publish_after_render_falls_back_no_yt" time="0.197" /><testcase classname="tests.test_phase2_backend.TestBilling" name="test_plans_public" time="0.049" /><testcase classname="tests.test_phase2_backend.TestBilling" name="test_checkout_requires_auth" time="0.047" /><testcase classname="tests.test_phase2_backend.TestBilling" name="test_checkout_invalid_plan_400" time="0.056" /><testcase classname="tests.test_phase2_backend.TestBilling" name="test_checkout_creator_returns_url" time="0.668" /><testcase classname="tests.test_phase2_backend.TestBilling" name="test_status_for_checkout" time="0.328" /><testcase classname="tests.test_phase2_backend.TestBilling" name="test_status_for_other_user_404" time="0.445" /><testcase classname="tests.test_phase2_backend.TestBilling" name="test_status_requires_auth" time="0.046" /><testcase classname="tests.test_phase2_backend.TestBilling" name="test_webhook_endpoint_exists" time="0.048" /></testsuite></testsuites>