<?xml version="1.0" encoding="utf-8"?><testsuites name="pytest tests"><testsuite name="pytest" errors="0" failures="0" skipped="0" tests="25" time="169.285" timestamp="2026-05-01T14:45:10.597310+00:00" hostname="agent-env-27ec24fd-cedd-4724-b905-a02035e1b621"><testcase classname="tests.test_phase4_backend.TestScenesFilesystem" name="test_scenes_post_starts_generation" time="7.220" /><testcase classname="tests.test_phase4_backend.TestScenesFilesystem" name="test_scenes_idempotency_409_on_duplicate" time="0.070" /><testcase classname="tests.test_phase4_backend.TestScenesFilesystem" name="test_scenes_complete_with_fs_storage" time="80.682" /><testcase classname="tests.test_phase4_backend.TestScenesFilesystem" name="test_scene_files_exist_on_disk" time="0.000" /><testcase classname="tests.test_phase4_backend.TestScenesFilesystem" name="test_project_doc_has_no_base64_image_data_url" time="0.069" /><testcase classname="tests.test_phase4_backend.TestMediaAuth" name="test_media_no_auth_returns_401" time="0.272" /><testcase classname="tests.test_phase4_backend.TestMediaAuth" name="test_media_bearer_header_returns_png" time="0.197" /><testcase classname="tests.test_phase4_backend.TestMediaAuth" name="test_media_query_param_token_works" time="0.199" /><testcase classname="tests.test_phase4_backend.TestMediaAuth" name="test_media_nonexistent_file_returns_404" time="0.070" /><testcase classname="tests.test_phase4_backend.TestMediaAuth" name="test_media_foreign_project_returns_404" time="0.065" /><testcase classname="tests.test_phase4_backend.TestTrendsReal" name="test_reddit_horror_returns_8_with_platform_field" time="0.063" /><testcase classname="tests.test_phase4_backend.TestTrendsReal" name="test_youtube_without_oauth_falls_back" time="0.068" /><testcase classname="tests.test_phase4_backend.TestTrendsReal" name="test_trends_unauth_still_works_ai_source" time="12.146" /><testcase classname="tests.test_phase4_backend.TestAgentMode" name="test_agent_run_returns_immediately" time="0.070" /><testcase classname="tests.test_phase4_backend.TestAgentMode" name="test_agent_status_returns_contract" time="66.138" /><testcase classname="tests.test_phase4_backend.TestAgentMode" name="test_agent_status_unknown_project_404" time="0.200" /><testcase classname="tests.test_phase4_backend.TestCalendar" name="test_calendar_returns_contract" time="0.200" /><testcase classname="tests.test_phase4_backend.TestCalendar" name="test_calendar_items_have_expected_fields" time="0.201" /><testcase classname="tests.test_phase4_backend.TestCalendar" name="test_calendar_requires_auth" time="0.198" /><testcase classname="tests.test_phase4_backend.TestPhase123Regression" name="test_auth_me" time="0.200" /><testcase classname="tests.test_phase4_backend.TestPhase123Regression" name="test_projects_list" time="0.199" /><testcase classname="tests.test_phase4_backend.TestPhase123Regression" name="test_voices_contract" time="0.100" /><testcase classname="tests.test_phase4_backend.TestPhase123Regression" name="test_billing_plans" time="0.200" /><testcase classname="tests.test_phase4_backend.TestPhase123Regression" name="test_youtube_auth_url" time="0.119" /><testcase classname="tests.test_phase4_backend.TestPhase123Regression" name="test_analytics_summary" time="0.202" /></testsuite></testsuites>