<?xml version="1.0" encoding="utf-8"?><testsuites name="pytest tests"><testsuite name="pytest" errors="0" failures="1" skipped="0" tests="25" time="196.570" timestamp="2026-05-01T12:54:16.371904+00:00" hostname="agent-env-4a33a761-7c3b-4a9f-b9b1-da47d6e621a1"><testcase classname="tests.test_phase4_backend.TestScenesFilesystem" name="test_scenes_post_starts_generation" time="8.715" /><testcase classname="tests.test_phase4_backend.TestScenesFilesystem" name="test_scenes_idempotency_409_on_duplicate" time="0.068" /><testcase classname="tests.test_phase4_backend.TestScenesFilesystem" name="test_scenes_complete_with_fs_storage" time="100.844" /><testcase classname="tests.test_phase4_backend.TestScenesFilesystem" name="test_scene_files_exist_on_disk" time="0.000" /><testcase classname="tests.test_phase4_backend.TestScenesFilesystem" name="test_project_doc_has_no_base64_image_data_url" time="0.068" /><testcase classname="tests.test_phase4_backend.TestMediaAuth" name="test_media_no_auth_returns_401" time="1.603" /><testcase classname="tests.test_phase4_backend.TestMediaAuth" name="test_media_bearer_header_returns_png" time="0.085" /><testcase classname="tests.test_phase4_backend.TestMediaAuth" name="test_media_query_param_token_works" time="0.200" /><testcase classname="tests.test_phase4_backend.TestMediaAuth" name="test_media_nonexistent_file_returns_404" time="0.054" /><testcase classname="tests.test_phase4_backend.TestMediaAuth" name="test_media_foreign_project_returns_404" time="0.074" /><testcase classname="tests.test_phase4_backend.TestTrendsReal" name="test_reddit_horror_returns_8_with_platform_field" time="0.073" /><testcase classname="tests.test_phase4_backend.TestTrendsReal" name="test_youtube_without_oauth_falls_back" time="0.068" /><testcase classname="tests.test_phase4_backend.TestTrendsReal" name="test_trends_unauth_still_works_ai_source" time="15.398" /><testcase classname="tests.test_phase4_backend.TestAgentMode" name="test_agent_run_returns_immediately" time="0.063" /><testcase classname="tests.test_phase4_backend.TestAgentMode" name="test_agent_status_returns_contract" time="65.047" /><testcase classname="tests.test_phase4_backend.TestAgentMode" name="test_agent_status_unknown_project_404" time="0.058" /><testcase classname="tests.test_phase4_backend.TestCalendar" name="test_calendar_returns_contract" time="0.865" /><testcase classname="tests.test_phase4_backend.TestCalendar" name="test_calendar_items_have_expected_fields" time="0.492" /><testcase classname="tests.test_phase4_backend.TestCalendar" name="test_calendar_requires_auth" time="0.081" /><testcase classname="tests.test_phase4_backend.TestPhase123Regression" name="test_auth_me" time="0.063" /><testcase classname="tests.test_phase4_backend.TestPhase123Regression" name="test_projects_list" time="1.605" /><testcase classname="tests.test_phase4_backend.TestPhase123Regression" name="test_voices_contract" time="0.058" /><testcase classname="tests.test_phase4_backend.TestPhase123Regression" name="test_billing_plans" time="0.055" /><testcase classname="tests.test_phase4_backend.TestPhase123Regression" name="test_youtube_auth_url" time="0.057"><failure message="AssertionError: assert 'accounts.google.com' in ''&#10; +  where '' = &lt;built-in method get of dict object at 0xfdb2b0b68f80&gt;('auth_url', '')&#10; +    where &lt;built-in method get of dict object at 0xfdb2b0b68f80&gt; = {'url': 'https://accounts.google.com/o/oauth2/auth?response_type=code&amp;client_id=&amp;scope=https%3A%2F%2Fwww.googleapis.com%2Fauth%2Fyoutube.upload+https%3A%2F%2Fwww.googleapis.com%2Fauth%2Fyoutube.readonly+https%3A%2F%2Fwww.googleapis.com%2Fauth%2Fyt-analytics.readonly&amp;state=b22d4ad13d704e24bc414929fdb7b15f&amp;code_challenge=3JBCun_7r4fFkqikmdS4C6pCKsGZVPssieCvBdj4oq8&amp;code_challenge_method=S256&amp;access_type=offline&amp;include_granted_scopes=true&amp;prompt=consent'}.get&#10; +      where {'url': 'https://accounts.google.com/o/oauth2/auth?response_type=code&amp;client_id=&amp;scope=https%3A%2F%2Fwww.googleapis.com%2Fauth%2Fyoutube.upload+https%3A%2F%2Fwww.googleapis.com%2Fauth%2Fyoutube.readonly+https%3A%2F%2Fwww.googleapis.com%2Fauth%2Fyt-analytics.readonly&amp;state=b22d4ad13d704e24bc414929fdb7b15f&amp;code_challenge=3JBCun_7r4fFkqikmdS4C6pCKsGZVPssieCvBdj4oq8&amp;code_challenge_method=S256&amp;access_type=offline&amp;include_granted_scopes=true&amp;prompt=consent'} = json()&#10; +        where json = &lt;Response [200]&gt;.json">tests/test_phase4_backend.py:266: in test_youtube_auth_url
    assert "accounts.google.com" in r.json().get("auth_url", "")
E   AssertionError: assert 'accounts.google.com' in ''
E    +  where '' = &lt;built-in method get of dict object at 0xfdb2b0b68f80&gt;('auth_url', '')
E    +    where &lt;built-in method get of dict object at 0xfdb2b0b68f80&gt; = {'url': 'https://accounts.google.com/o/oauth2/auth?response_type=code&amp;client_id=&amp;scope=https%3A%2F%2Fwww.googleapis.com%2Fauth%2Fyoutube.upload+https%3A%2F%2Fwww.googleapis.com%2Fauth%2Fyoutube.readonly+https%3A%2F%2Fwww.googleapis.com%2Fauth%2Fyt-analytics.readonly&amp;state=b22d4ad13d704e24bc414929fdb7b15f&amp;code_challenge=3JBCun_7r4fFkqikmdS4C6pCKsGZVPssieCvBdj4oq8&amp;code_challenge_method=S256&amp;access_type=offline&amp;include_granted_scopes=true&amp;prompt=consent'}.get
E    +      where {'url': 'https://accounts.google.com/o/oauth2/auth?response_type=code&amp;client_id=&amp;scope=https%3A%2F%2Fwww.googleapis.com%2Fauth%2Fyoutube.upload+https%3A%2F%2Fwww.googleapis.com%2Fauth%2Fyoutube.readonly+https%3A%2F%2Fwww.googleapis.com%2Fauth%2Fyt-analytics.readonly&amp;state=b22d4ad13d704e24bc414929fdb7b15f&amp;code_challenge=3JBCun_7r4fFkqikmdS4C6pCKsGZVPssieCvBdj4oq8&amp;code_challenge_method=S256&amp;access_type=offline&amp;include_granted_scopes=true&amp;prompt=consent'} = json()
E    +        where json = &lt;Response [200]&gt;.json</failure></testcase><testcase classname="tests.test_phase4_backend.TestPhase123Regression" name="test_analytics_summary" time="0.730" /></testsuite></testsuites>