<?xml version="1.0" encoding="utf-8"?><testsuites name="pytest tests"><testsuite name="pytest" errors="0" failures="0" skipped="0" tests="29" time="54.446" timestamp="2026-05-01T14:44:10.885887+00:00" hostname="agent-env-27ec24fd-cedd-4724-b905-a02035e1b621"><testcase classname="tests.test_stage2_backend.TestAuth" name="test_me" time="0.535" /><testcase classname="tests.test_stage2_backend.TestAuth" name="test_register_duplicate_rejected" time="0.053" /><testcase classname="tests.test_stage2_backend.TestAuth" name="test_login_wrong_password" time="0.286" /><testcase classname="tests.test_stage2_backend.TestProjects" name="test_create_list_get_delete" time="0.250" /><testcase classname="tests.test_stage2_backend.TestProjects" name="test_series" time="0.995" /><testcase classname="tests.test_stage2_backend.TestTemplates" name="test_list_templates_returns_eight" time="0.055" /><testcase classname="tests.test_stage2_backend.TestTemplates" name="test_filter_by_niche" time="0.051" /><testcase classname="tests.test_stage2_backend.TestTemplates" name="test_get_template" time="0.053" /><testcase classname="tests.test_stage2_backend.TestTemplates" name="test_get_template_404" time="0.059" /><testcase classname="tests.test_stage2_backend.TestTemplates" name="test_create_from_template" time="0.058" /><testcase classname="tests.test_stage2_backend.TestVoices" name="test_voices_lists_all_tiers" time="0.053" /><testcase classname="tests.test_stage2_backend.TestScriptAndVoice" name="test_script_generate" time="7.385" /><testcase classname="tests.test_stage2_backend.TestScriptAndVoice" name="test_voice_P0_no_base64_in_response_or_db" time="6.176" /><testcase classname="tests.test_stage2_backend.TestScriptAndVoice" name="test_voice_media_endpoint_requires_auth" time="0.238" /><testcase classname="tests.test_stage2_backend.TestThumbnailAndRender" name="test_thumbnail" time="13.486" /><testcase classname="tests.test_stage2_backend.TestThumbnailAndRender" name="test_render_produces_mp4" time="13.562" /><testcase classname="tests.test_stage2_backend.TestScenesIdempotency" name="test_409_if_already_generating" time="0.127" /><testcase classname="tests.test_stage2_backend.TestScenesIdempotency" name="test_scenes_status_endpoint" time="0.062" /><testcase classname="tests.test_stage2_backend.TestABVariants" name="test_generate_variants" time="9.990" /><testcase classname="tests.test_stage2_backend.TestABVariants" name="test_get_variants_dashboard" time="0.070" /><testcase classname="tests.test_stage2_backend.TestABVariants" name="test_score_variant_updates_winner" time="0.211" /><testcase classname="tests.test_stage2_backend.TestABVariants" name="test_select_variant_copies_script" time="0.136" /><testcase classname="tests.test_stage2_backend.TestAuxiliary" name="test_trends_ai" time="0.069" /><testcase classname="tests.test_stage2_backend.TestAuxiliary" name="test_trends_reddit_graceful" time="0.063" /><testcase classname="tests.test_stage2_backend.TestAuxiliary" name="test_youtube_status" time="0.060" /><testcase classname="tests.test_stage2_backend.TestAuxiliary" name="test_youtube_auth_url" time="0.061" /><testcase classname="tests.test_stage2_backend.TestAuxiliary" name="test_billing_plans" time="0.057" /><testcase classname="tests.test_stage2_backend.TestAuxiliary" name="test_calendar" time="0.082" /><testcase classname="tests.test_stage2_backend.TestAuxiliary" name="test_analytics_summary" time="0.065" /></testsuite></testsuites>